#
# There is insufficient memory for the Java Runtime Environment to continue.
# Native memory allocation (mmap) failed to map 28311552 bytes for Failed to commit area from 0x0000000088700000 to 0x000000008a200000 of length 28311552.
# Possible reasons:
#   The system is out of physical RAM or swap space
#   The process is running with CompressedOops enabled, and the Java Heap may be blocking the growth of the native heap
# Possible solutions:
#   Reduce memory load on the system
#   Increase physical memory or swap space
#   Check if swap backing store is full
#   Decrease Java heap size (-Xmx/-Xms)
#   Decrease number of Java threads
#   Decrease Java thread stack sizes (-Xss)
#   Set larger code cache with -XX:ReservedCodeCacheSize=
#   JVM is running with Unscaled Compressed Oops mode in which the Java heap is
#     placed in the first 4GB address space. The Java Heap base address is the
#     maximum limit for the native heap growth. Please use -XX:HeapBaseMinAddress
#     to set the Java Heap base and to place the Java Heap above 4GB virtual address.
# This output file may be truncated or incomplete.
#
#  Out of Memory Error (./src/hotspot/os/windows/os_windows.cpp:3301), pid=13624, tid=8784
#
# JRE version: OpenJDK Runtime Environment (11.0.10) (build 11.0.10+0-b96-7249189)
# Java VM: OpenJDK 64-Bit Server VM (11.0.10+0-b96-7249189, mixed mode, tiered, compressed oops, g1 gc, windows-amd64)
# No core dump will be written. Minidumps are not enabled by default on client versions of Windows
#

---------------  S U M M A R Y ------------

Command Line: --add-opens=java.base/java.util=ALL-UNNAMED --add-opens=java.base/java.lang=ALL-UNNAMED --add-opens=java.base/java.lang.invoke=ALL-UNNAMED --add-opens=java.base/java.util=ALL-UNNAMED --add-opens=java.prefs/java.util.prefs=ALL-UNNAMED --add-opens=java.prefs/java.util.prefs=ALL-UNNAMED --add-opens=java.base/java.nio.charset=ALL-UNNAMED --add-opens=java.base/java.net=ALL-UNNAMED --add-opens=java.base/java.util.concurrent.atomic=ALL-UNNAMED -Xmx2048m -Dfile.encoding=UTF-8 -Duser.country=IN -Duser.language=en -Duser.variant org.gradle.launcher.daemon.bootstrap.GradleDaemon 7.0.2

Host: Intel(R) Core(TM) i3-3110M CPU @ 2.40GHz, 4 cores, 3G,  Windows 10 , 64 bit Build 19041 (10.0.19041.1466)
Time: Wed Jan 19 14:17:02 2022 India Standard Time elapsed time: 33.843521 seconds (0d 0h 0m 33s)

---------------  T H R E A D  ---------------

Current thread (0x000001f2f5c4d800):  VMThread "VM Thread" [stack: 0x000000dea9f00000,0x000000deaa000000] [id=8784]

Stack: [0x000000dea9f00000,0x000000deaa000000]
[error occurred during error reporting (printing stack bounds), id 0xc0000005, EXCEPTION_ACCESS_VIOLATION (0xc0000005) at pc=0x000001f2df480f2d]

Native frames: (J=compiled Java code, j=interpreted, Vv=VM code, C=native code)
V  [jvm.dll+0x5ecfaa]
V  [jvm.dll+0x722bd5]
V  [jvm.dll+0x72412d]
V  [jvm.dll+0x724745]
V  [jvm.dll+0x7246fb]
V  [jvm.dll+0x5ec348]
V  [jvm.dll+0x5ecad8]
C  [ntdll.dll+0xa20cf]
C  [ntdll.dll+0x51454]
C  [ntdll.dll+0xa0bfe]
C  0x000001f2df480f2d

VM_Operation (0x000000deab3f6860): G1CollectForAllocation, mode: safepoint, requested by thread 0x000001f2f72dd000


---------------  P R O C E S S  ---------------

Threads class SMR info:
_java_thread_list=0x000001f2fc69a700, length=42, elements={
0x000001f2da15b800, 0x000001f2f5c57800, 0x000001f2f5c5b000, 0x000001f2f5cb3800,
0x000001f2f5cb5000, 0x000001f2f5cb7000, 0x000001f2f5cb8000, 0x000001f2f5cbb000,
0x000001f2f5cd9000, 0x000001f2f6723800, 0x000001f2f8997000, 0x000001f2f69d2800,
0x000001f2f74a2800, 0x000001f2f7387800, 0x000001f2f7388000, 0x000001f2f7359000,
0x000001f2f72dd000, 0x000001f2f767c800, 0x000001f2f767d000, 0x000001f2f7fca800,
0x000001f2f7fc8800, 0x000001f2f7fc7800, 0x000001f2f7fc5000, 0x000001f2f7fcb800,
0x000001f2f7fc6000, 0x000001f2f7fc9000, 0x000001f2f7fc6800, 0x000001f2f7fca000,
0x000001f2f8860000, 0x000001f2f885f000, 0x000001f2f885a000, 0x000001f2f885b800,
0x000001f2f8860800, 0x000001f2f885b000, 0x000001f2f8861800, 0x000001f2f885c800,
0x000001f2f8863000, 0x000001f2f885d800, 0x000001f2f8864000, 0x000001f2f8866800,
0x000001f2f8864800, 0x000001f2f8867000
}

Java Threads: ( => current thread )
  0x000001f2da15b800 JavaThread "main" [_thread_blocked, id=7616, stack(0x000000dea9900000,0x000000dea9a00000)]
  0x000001f2f5c57800 JavaThread "Reference Handler" daemon [_thread_blocked, id=15464, stack(0x000000deaa000000,0x000000deaa100000)]
  0x000001f2f5c5b000 JavaThread "Finalizer" daemon [_thread_blocked, id=14756, stack(0x000000deaa100000,0x000000deaa200000)]
  0x000001f2f5cb3800 JavaThread "Signal Dispatcher" daemon [_thread_blocked, id=15848, stack(0x000000deaa200000,0x000000deaa300000)]
  0x000001f2f5cb5000 JavaThread "Attach Listener" daemon [_thread_blocked, id=4800, stack(0x000000deaa300000,0x000000deaa400000)]
  0x000001f2f5cb7000 JavaThread "Service Thread" daemon [_thread_blocked, id=14232, stack(0x000000deaa400000,0x000000deaa500000)]
  0x000001f2f5cb8000 JavaThread "C2 CompilerThread0" daemon [_thread_blocked, id=464, stack(0x000000deaa500000,0x000000deaa600000)]
  0x000001f2f5cbb000 JavaThread "C1 CompilerThread0" daemon [_thread_blocked, id=16272, stack(0x000000deaa600000,0x000000deaa700000)]
  0x000001f2f5cd9000 JavaThread "Sweeper thread" daemon [_thread_blocked, id=14392, stack(0x000000deaa700000,0x000000deaa800000)]
  0x000001f2f6723800 JavaThread "Common-Cleaner" daemon [_thread_blocked, id=15956, stack(0x000000deaa800000,0x000000deaa900000)]
  0x000001f2f8997000 JavaThread "Daemon health stats" [_thread_blocked, id=15672, stack(0x000000deaab00000,0x000000deaac00000)]
  0x000001f2f69d2800 JavaThread "Incoming local TCP Connector on port 65469" [_thread_in_native, id=15796, stack(0x000000deaae00000,0x000000deaaf00000)]
  0x000001f2f74a2800 JavaThread "Daemon periodic checks" [_thread_blocked, id=14156, stack(0x000000deaaf00000,0x000000deab000000)]
  0x000001f2f7387800 JavaThread "Daemon" [_thread_blocked, id=2332, stack(0x000000deab000000,0x000000deab100000)]
  0x000001f2f7388000 JavaThread "Handler for socket connection from /127.0.0.1:65469 to /127.0.0.1:65471" [_thread_in_native, id=4032, stack(0x000000deab100000,0x000000deab200000)]
  0x000001f2f7359000 JavaThread "Cancel handler" [_thread_blocked, id=14280, stack(0x000000deab200000,0x000000deab300000)]
  0x000001f2f72dd000 JavaThread "Daemon worker" [_thread_blocked, id=13672, stack(0x000000deab300000,0x000000deab400000)]
  0x000001f2f767c800 JavaThread "Asynchronous log dispatcher for DefaultDaemonConnection: socket connection from /127.0.0.1:65469 to /127.0.0.1:65471" [_thread_blocked, id=2932, stack(0x000000deab400000,0x000000deab500000)]
  0x000001f2f767d000 JavaThread "Stdin handler" [_thread_blocked, id=15048, stack(0x000000deab500000,0x000000deab600000)]
  0x000001f2f7fca800 JavaThread "Daemon client event forwarder" [_thread_blocked, id=3700, stack(0x000000deab600000,0x000000deab700000)]
  0x000001f2f7fc8800 JavaThread "Cache worker for file hash cache (C:\Users\shiva\.gradle\caches\7.0.2\fileHashes)" [_thread_blocked, id=13792, stack(0x000000deab700000,0x000000deab800000)]
  0x000001f2f7fc7800 JavaThread "File lock request listener" [_thread_in_native, id=11852, stack(0x000000deab800000,0x000000deab900000)]
  0x000001f2f7fc5000 JavaThread "Cache worker for journal cache (C:\Users\shiva\.gradle\caches\journal-1)" [_thread_blocked, id=232, stack(0x000000deab900000,0x000000deaba00000)]
  0x000001f2f7fcb800 JavaThread "Cache worker for file hash cache (D:\Fitness\.gradle\7.0.2\fileHashes)" [_thread_blocked, id=11776, stack(0x000000deaba00000,0x000000deabb00000)]
  0x000001f2f7fc6000 JavaThread "File watcher server" daemon [_thread_in_native, id=15916, stack(0x000000deabb00000,0x000000deabc00000)]
  0x000001f2f7fc9000 JavaThread "File watcher consumer" daemon [_thread_blocked, id=16284, stack(0x000000deabc00000,0x000000deabd00000)]
  0x000001f2f7fc6800 JavaThread "jar transforms" [_thread_blocked, id=15996, stack(0x000000deabd00000,0x000000deabe00000)]
  0x000001f2f7fca000 JavaThread "jar transforms Thread 2" [_thread_blocked, id=16040, stack(0x000000deabe00000,0x000000deabf00000)]
  0x000001f2f8860000 JavaThread "jar transforms Thread 3" [_thread_blocked, id=6224, stack(0x000000deabf00000,0x000000deac000000)]
  0x000001f2f885f000 JavaThread "jar transforms Thread 4" [_thread_blocked, id=844, stack(0x000000deac000000,0x000000deac100000)]
  0x000001f2f885a000 JavaThread "Cache worker for checksums cache (D:\Fitness\.gradle\checksums)" [_thread_blocked, id=2224, stack(0x000000deac100000,0x000000deac200000)]
  0x000001f2f885b800 JavaThread "Cache worker for cache directory md-supplier (C:\Users\shiva\.gradle\caches\7.0.2\md-supplier)" [_thread_blocked, id=16312, stack(0x000000deac200000,0x000000deac300000)]
  0x000001f2f8860800 JavaThread "Cache worker for cache directory md-rule (C:\Users\shiva\.gradle\caches\7.0.2\md-rule)" [_thread_blocked, id=6168, stack(0x000000deac300000,0x000000deac400000)]
  0x000001f2f885b000 JavaThread "Cache worker for execution history cache (C:\Users\shiva\.gradle\caches\7.0.2\executionHistory)" [_thread_blocked, id=15784, stack(0x000000deac400000,0x000000deac500000)]
  0x000001f2f8861800 JavaThread "Cache worker for file content cache (C:\Users\shiva\.gradle\caches\7.0.2\fileContent)" [_thread_blocked, id=13928, stack(0x000000deac500000,0x000000deac600000)]
  0x000001f2f885c800 JavaThread "Cache worker for dependencies-accessors (D:\Fitness\.gradle\7.0.2\dependencies-accessors)" [_thread_blocked, id=14508, stack(0x000000deac600000,0x000000deac700000)]
  0x000001f2f8863000 JavaThread "Cache worker for Build Output Cleanup Cache (D:\Fitness\.gradle\buildOutputCleanup)" [_thread_blocked, id=14388, stack(0x000000deac700000,0x000000deac800000)]
  0x000001f2f885d800 JavaThread "Build operations" [_thread_blocked, id=15724, stack(0x000000deac800000,0x000000deac900000)]
  0x000001f2f8864000 JavaThread "Build operations Thread 2" [_thread_blocked, id=14140, stack(0x000000deac900000,0x000000deaca00000)]
  0x000001f2f8866800 JavaThread "Build operations Thread 3" [_thread_blocked, id=5868, stack(0x000000deaca00000,0x000000deacb00000)]
  0x000001f2f8864800 JavaThread "Build operations Thread 4" [_thread_blocked, id=8988, stack(0x000000deacb00000,0x000000deacc00000)]
  0x000001f2f8867000 JavaThread "Memory manager" [_thread_blocked, id=14192, stack(0x000000deacc00000,0x000000deacd00000)]

Other Threads:
=>0x000001f2f5c4d800 VMThread "VM Thread" [stack: 0x000000dea9f00000,0x000000deaa000000] [id=8784]
  0x000001f2f6758800 WatcherThread [stack: 0x000000deaa900000,0x000000deaaa00000] [id=4332]
  0x000001f2da174800 GCTaskThread "GC Thread#0" [stack: 0x000000dea9a00000,0x000000dea9b00000] [id=16000]
  0x000001f2f6cd7800 GCTaskThread "GC Thread#1" [stack: 0x000000deaaa00000,0x000000deaab00000] [id=10480]
  0x000001f2f764d000 GCTaskThread "GC Thread#2" [stack: 0x000000deaac00000,0x000000deaad00000] [id=15952]
  0x000001f2f7915800 GCTaskThread "GC Thread#3" [stack: 0x000000deaad00000,0x000000deaae00000] [id=15628]
  0x000001f2da1a5800 ConcurrentGCThread "G1 Main Marker" [stack: 0x000000dea9b00000,0x000000dea9c00000] [id=10660]
  0x000001f2da1a6800 ConcurrentGCThread "G1 Conc#0" [stack: 0x000000dea9c00000,0x000000dea9d00000] [id=8932]
  0x000001f2da1fe800 ConcurrentGCThread "G1 Refine#0" [stack: 0x000000dea9d00000,0x000000dea9e00000] [id=16036]
  0x000001f2da1ff800 ConcurrentGCThread "G1 Young RemSet Sampling" [stack: 0x000000dea9e00000,0x000000dea9f00000] [id=7744]

Threads with active compile tasks:
C2 CompilerThread0  33894 6450       4       sun.nio.cs.UTF_8$Decoder::decodeArrayLoop (691 bytes)

VM state:at safepoint (normal execution)

VM Mutex/Monitor currently owned by a thread:  ([mutex/lock_event])
[0x000001f2da1586c0] Threads_lock - owner thread: 0x000001f2f5c4d800
[0x000001f2da158630] Heap_lock - owner thread: 0x000001f2f72dd000

Heap address: 0x0000000080000000, size: 2048 MB, Compressed Oops mode: 32-bit
Narrow klass base: 0x0000000000000000, Narrow klass shift: 3
Compressed class space size: 1073741824 Address: 0x0000000100000000

Heap:
 garbage-first heap   total 165888K, used 77120K [0x0000000080000000, 0x0000000100000000)
  region size 1024K, 2 young (2048K), 2 survivors (2048K)
 Metaspace       used 65290K, capacity 66968K, committed 67328K, reserved 1107968K
  class space    used 8237K, capacity 8837K, committed 8960K, reserved 1048576K
Heap Regions: E=young(eden), S=young(survivor), O=old, HS=humongous(starts), HC=humongous(continues), CS=collection set, F=free, A=archive, TAMS=top-at-mark-start (previous, next)
|   0|0x0000000080000000, 0x0000000080100000, 0x0000000080100000|100%| O|  |TAMS 0x0000000080100000, 0x0000000080100000| Untracked 
|   1|0x0000000080100000, 0x0000000080200000, 0x0000000080200000|100%| O|  |TAMS 0x0000000080200000, 0x0000000080200000| Untracked 
|   2|0x0000000080200000, 0x0000000080300000, 0x0000000080300000|100%| O|  |TAMS 0x0000000080300000, 0x0000000080300000| Untracked 
|   3|0x0000000080300000, 0x0000000080400000, 0x0000000080400000|100%|HS|  |TAMS 0x0000000080400000, 0x0000000080400000| Complete 
|   4|0x0000000080400000, 0x0000000080500000, 0x0000000080500000|100%|HC|  |TAMS 0x0000000080500000, 0x0000000080500000| Complete 
|   5|0x0000000080500000, 0x0000000080600000, 0x0000000080600000|100%|HC|  |TAMS 0x0000000080600000, 0x0000000080600000| Complete 
|   6|0x0000000080600000, 0x0000000080700000, 0x0000000080700000|100%| O|  |TAMS 0x0000000080700000, 0x0000000080700000| Untracked 
|   7|0x0000000080700000, 0x0000000080800000, 0x0000000080800000|100%| O|  |TAMS 0x0000000080800000, 0x0000000080800000| Untracked 
|   8|0x0000000080800000, 0x0000000080900000, 0x0000000080900000|100%| O|  |TAMS 0x0000000080900000, 0x0000000080900000| Untracked 
|   9|0x0000000080900000, 0x0000000080a00000, 0x0000000080a00000|100%| O|  |TAMS 0x0000000080a00000, 0x0000000080a00000| Untracked 
|  10|0x0000000080a00000, 0x0000000080b00000, 0x0000000080b00000|100%| O|  |TAMS 0x0000000080b00000, 0x0000000080b00000| Untracked 
|  11|0x0000000080b00000, 0x0000000080c00000, 0x0000000080c00000|100%| O|  |TAMS 0x0000000080c00000, 0x0000000080c00000| Untracked 
|  12|0x0000000080c00000, 0x0000000080d00000, 0x0000000080d00000|100%| O|  |TAMS 0x0000000080d00000, 0x0000000080d00000| Untracked 
|  13|0x0000000080d00000, 0x0000000080e00000, 0x0000000080e00000|100%| O|  |TAMS 0x0000000080e00000, 0x0000000080e00000| Untracked 
|  14|0x0000000080e00000, 0x0000000080f00000, 0x0000000080f00000|100%| O|  |TAMS 0x0000000080f00000, 0x0000000080f00000| Untracked 
|  15|0x0000000080f00000, 0x0000000081000000, 0x0000000081000000|100%|HS|  |TAMS 0x0000000081000000, 0x0000000081000000| Complete 
|  16|0x0000000081000000, 0x0000000081100000, 0x0000000081100000|100%|HC|  |TAMS 0x0000000081100000, 0x0000000081100000| Complete 
|  17|0x0000000081100000, 0x0000000081200000, 0x0000000081200000|100%|HS|  |TAMS 0x0000000081200000, 0x0000000081200000| Complete 
|  18|0x0000000081200000, 0x0000000081300000, 0x0000000081300000|100%|HC|  |TAMS 0x0000000081300000, 0x0000000081300000| Complete 
|  19|0x0000000081300000, 0x0000000081400000, 0x0000000081400000|100%|HC|  |TAMS 0x0000000081400000, 0x0000000081400000| Complete 
|  20|0x0000000081400000, 0x0000000081500000, 0x0000000081500000|100%|HS|  |TAMS 0x0000000081500000, 0x0000000081500000| Complete 
|  21|0x0000000081500000, 0x0000000081600000, 0x0000000081600000|100%|HC|  |TAMS 0x0000000081600000, 0x0000000081600000| Complete 
|  22|0x0000000081600000, 0x0000000081700000, 0x0000000081700000|100%|HC|  |TAMS 0x0000000081700000, 0x0000000081700000| Complete 
|  23|0x0000000081700000, 0x0000000081800000, 0x0000000081800000|100%|HC|  |TAMS 0x0000000081800000, 0x0000000081800000| Complete 
|  24|0x0000000081800000, 0x0000000081900000, 0x0000000081900000|100%|HC|  |TAMS 0x0000000081900000, 0x0000000081900000| Complete 
|  25|0x0000000081900000, 0x0000000081a00000, 0x0000000081a00000|100%| O|  |TAMS 0x0000000081a00000, 0x0000000081a00000| Untracked 
|  26|0x0000000081a00000, 0x0000000081b00000, 0x0000000081b00000|100%| O|  |TAMS 0x0000000081b00000, 0x0000000081b00000| Untracked 
|  27|0x0000000081b00000, 0x0000000081c00000, 0x0000000081c00000|100%| O|  |TAMS 0x0000000081c00000, 0x0000000081c00000| Untracked 
|  28|0x0000000081c00000, 0x0000000081d00000, 0x0000000081d00000|100%| O|  |TAMS 0x0000000081d00000, 0x0000000081d00000| Untracked 
|  29|0x0000000081d00000, 0x0000000081e00000, 0x0000000081e00000|100%| O|  |TAMS 0x0000000081e00000, 0x0000000081e00000| Untracked 
|  30|0x0000000081e00000, 0x0000000081f00000, 0x0000000081f00000|100%| O|  |TAMS 0x0000000081f00000, 0x0000000081f00000| Untracked 
|  31|0x0000000081f00000, 0x0000000082000000, 0x0000000082000000|100%| O|  |TAMS 0x0000000082000000, 0x0000000082000000| Untracked 
|  32|0x0000000082000000, 0x0000000082100000, 0x0000000082100000|100%| O|  |TAMS 0x0000000082100000, 0x0000000082100000| Untracked 
|  33|0x0000000082100000, 0x0000000082200000, 0x0000000082200000|100%| O|  |TAMS 0x0000000082200000, 0x0000000082200000| Untracked 
|  34|0x0000000082200000, 0x0000000082300000, 0x0000000082300000|100%| O|  |TAMS 0x0000000082300000, 0x0000000082300000| Untracked 
|  35|0x0000000082300000, 0x0000000082400000, 0x0000000082400000|100%| O|  |TAMS 0x0000000082400000, 0x0000000082400000| Untracked 
|  36|0x0000000082400000, 0x0000000082500000, 0x0000000082500000|100%| O|  |TAMS 0x0000000082500000, 0x0000000082500000| Untracked 
|  37|0x0000000082500000, 0x0000000082600000, 0x0000000082600000|100%| O|  |TAMS 0x0000000082600000, 0x0000000082600000| Untracked 
|  38|0x0000000082600000, 0x0000000082700000, 0x0000000082700000|100%| O|  |TAMS 0x0000000082700000, 0x0000000082700000| Untracked 
|  39|0x0000000082700000, 0x0000000082800000, 0x0000000082800000|100%| O|  |TAMS 0x0000000082800000, 0x0000000082800000| Untracked 
|  40|0x0000000082800000, 0x0000000082900000, 0x0000000082900000|100%| O|  |TAMS 0x0000000082900000, 0x0000000082900000| Untracked 
|  41|0x0000000082900000, 0x0000000082a00000, 0x0000000082a00000|100%| O|  |TAMS 0x0000000082a00000, 0x0000000082a00000| Untracked 
|  42|0x0000000082a00000, 0x0000000082b00000, 0x0000000082b00000|100%|HS|  |TAMS 0x0000000082b00000, 0x0000000082b00000| Complete 
|  43|0x0000000082b00000, 0x0000000082c00000, 0x0000000082c00000|100%|HC|  |TAMS 0x0000000082c00000, 0x0000000082c00000| Complete 
|  44|0x0000000082c00000, 0x0000000082d00000, 0x0000000082d00000|100%|HC|  |TAMS 0x0000000082d00000, 0x0000000082d00000| Complete 
|  45|0x0000000082d00000, 0x0000000082e00000, 0x0000000082e00000|100%|HC|  |TAMS 0x0000000082e00000, 0x0000000082e00000| Complete 
|  46|0x0000000082e00000, 0x0000000082f00000, 0x0000000082f00000|100%|HC|  |TAMS 0x0000000082f00000, 0x0000000082f00000| Complete 
|  47|0x0000000082f00000, 0x0000000083000000, 0x0000000083000000|100%|HS|  |TAMS 0x0000000083000000, 0x0000000083000000| Complete 
|  48|0x0000000083000000, 0x0000000083100000, 0x0000000083100000|100%|HC|  |TAMS 0x0000000083100000, 0x0000000083100000| Complete 
|  49|0x0000000083100000, 0x0000000083200000, 0x0000000083200000|100%|HC|  |TAMS 0x0000000083200000, 0x0000000083200000| Complete 
|  50|0x0000000083200000, 0x0000000083300000, 0x0000000083300000|100%| O|  |TAMS 0x0000000083300000, 0x0000000083300000| Untracked 
|  51|0x0000000083300000, 0x0000000083400000, 0x0000000083400000|100%| O|  |TAMS 0x0000000083400000, 0x0000000083400000| Untracked 
|  52|0x0000000083400000, 0x0000000083500000, 0x0000000083500000|100%| O|  |TAMS 0x0000000083500000, 0x0000000083500000| Untracked 
|  53|0x0000000083500000, 0x0000000083600000, 0x0000000083600000|100%| O|  |TAMS 0x0000000083600000, 0x0000000083600000| Untracked 
|  54|0x0000000083600000, 0x0000000083700000, 0x0000000083700000|100%| O|  |TAMS 0x0000000083700000, 0x0000000083700000| Untracked 
|  55|0x0000000083700000, 0x0000000083800000, 0x0000000083800000|100%| O|  |TAMS 0x0000000083800000, 0x0000000083800000| Untracked 
|  56|0x0000000083800000, 0x0000000083900000, 0x0000000083900000|100%|HS|  |TAMS 0x0000000083900000, 0x0000000083900000| Complete 
|  57|0x0000000083900000, 0x0000000083a00000, 0x0000000083a00000|100%| O|  |TAMS 0x0000000083a00000, 0x0000000083a00000| Untracked 
|  58|0x0000000083a00000, 0x0000000083b00000, 0x0000000083b00000|100%|HS|  |TAMS 0x0000000083b00000, 0x0000000083b00000| Complete 
|  59|0x0000000083b00000, 0x0000000083c00000, 0x0000000083c00000|100%| O|  |TAMS 0x0000000083c00000, 0x0000000083c00000| Untracked 
|  60|0x0000000083c00000, 0x0000000083d00000, 0x0000000083d00000|100%| O|  |TAMS 0x0000000083d00000, 0x0000000083d00000| Untracked 
|  61|0x0000000083d00000, 0x0000000083e00000, 0x0000000083e00000|100%| O|  |TAMS 0x0000000083e00000, 0x0000000083e00000| Untracked 
|  62|0x0000000083e00000, 0x0000000083f00000, 0x0000000083f00000|100%|HS|  |TAMS 0x0000000083f00000, 0x0000000083f00000| Complete 
|  63|0x0000000083f00000, 0x0000000084000000, 0x0000000084000000|100%|HC|  |TAMS 0x0000000084000000, 0x0000000084000000| Complete 
|  64|0x0000000084000000, 0x0000000084100000, 0x0000000084100000|100%| O|  |TAMS 0x0000000084100000, 0x0000000084100000| Untracked 
|  65|0x0000000084100000, 0x0000000084200000, 0x0000000084200000|100%| O|  |TAMS 0x0000000084200000, 0x0000000084200000| Untracked 
|  66|0x0000000084200000, 0x0000000084300000, 0x0000000084300000|100%| O|  |TAMS 0x00000000842cd600, 0x0000000084300000| Untracked 
|  67|0x0000000084300000, 0x0000000084400000, 0x0000000084400000|100%| O|  |TAMS 0x0000000084300000, 0x0000000084400000| Untracked 
|  68|0x0000000084400000, 0x0000000084500000, 0x0000000084500000|100%| O|  |TAMS 0x0000000084400000, 0x0000000084500000| Untracked 
|  69|0x0000000084500000, 0x0000000084600000, 0x0000000084600000|100%| O|  |TAMS 0x0000000084500000, 0x0000000084600000| Untracked 
|  70|0x0000000084600000, 0x0000000084700000, 0x0000000084700000|100%| O|  |TAMS 0x0000000084600000, 0x0000000084700000| Untracked 
|  71|0x0000000084700000, 0x0000000084800000, 0x0000000084800000|100%| O|  |TAMS 0x0000000084700000, 0x0000000084800000| Untracked 
|  72|0x0000000084800000, 0x0000000084900000, 0x0000000084900000|100%| O|  |TAMS 0x0000000084800000, 0x0000000084900000| Untracked 
|  73|0x0000000084900000, 0x0000000084955200, 0x0000000084a00000| 33%| O|  |TAMS 0x0000000084900000, 0x0000000084955200| Untracked 
|  74|0x0000000084a00000, 0x0000000084a00000, 0x0000000084b00000|  0%| F|  |TAMS 0x0000000084a00000, 0x0000000084a00000| Untracked 
|  75|0x0000000084b00000, 0x0000000084b00000, 0x0000000084c00000|  0%| F|  |TAMS 0x0000000084b00000, 0x0000000084b00000| Untracked 
|  76|0x0000000084c00000, 0x0000000084c00000, 0x0000000084d00000|  0%| F|  |TAMS 0x0000000084c00000, 0x0000000084c00000| Untracked 
|  77|0x0000000084d00000, 0x0000000084d00000, 0x0000000084e00000|  0%| F|  |TAMS 0x0000000084d00000, 0x0000000084d00000| Untracked 
|  78|0x0000000084e00000, 0x0000000084e00000, 0x0000000084f00000|  0%| F|  |TAMS 0x0000000084e00000, 0x0000000084e00000| Untracked 
|  79|0x0000000084f00000, 0x0000000084f00000, 0x0000000085000000|  0%| F|  |TAMS 0x0000000084f00000, 0x0000000084f00000| Untracked 
|  80|0x0000000085000000, 0x0000000085000000, 0x0000000085100000|  0%| F|  |TAMS 0x0000000085000000, 0x0000000085000000| Untracked 
|  81|0x0000000085100000, 0x0000000085100000, 0x0000000085200000|  0%| F|  |TAMS 0x0000000085100000, 0x0000000085100000| Untracked 
|  82|0x0000000085200000, 0x0000000085200000, 0x0000000085300000|  0%| F|  |TAMS 0x0000000085200000, 0x0000000085200000| Untracked 
|  83|0x0000000085300000, 0x0000000085300000, 0x0000000085400000|  0%| F|  |TAMS 0x0000000085300000, 0x0000000085300000| Untracked 
|  84|0x0000000085400000, 0x0000000085400000, 0x0000000085500000|  0%| F|  |TAMS 0x0000000085400000, 0x0000000085400000| Untracked 
|  85|0x0000000085500000, 0x0000000085500000, 0x0000000085600000|  0%| F|  |TAMS 0x0000000085500000, 0x0000000085500000| Untracked 
|  86|0x0000000085600000, 0x0000000085600000, 0x0000000085700000|  0%| F|  |TAMS 0x0000000085600000, 0x0000000085600000| Untracked 
|  87|0x0000000085700000, 0x0000000085700000, 0x0000000085800000|  0%| F|  |TAMS 0x0000000085700000, 0x0000000085700000| Untracked 
|  88|0x0000000085800000, 0x0000000085800000, 0x0000000085900000|  0%| F|  |TAMS 0x0000000085800000, 0x0000000085800000| Untracked 
|  89|0x0000000085900000, 0x0000000085900000, 0x0000000085a00000|  0%| F|  |TAMS 0x0000000085900000, 0x0000000085900000| Untracked 
|  90|0x0000000085a00000, 0x0000000085a00000, 0x0000000085b00000|  0%| F|  |TAMS 0x0000000085a00000, 0x0000000085a00000| Untracked 
|  91|0x0000000085b00000, 0x0000000085b00000, 0x0000000085c00000|  0%| F|  |TAMS 0x0000000085b00000, 0x0000000085b00000| Untracked 
|  92|0x0000000085c00000, 0x0000000085c00000, 0x0000000085d00000|  0%| F|  |TAMS 0x0000000085c00000, 0x0000000085c00000| Untracked 
|  93|0x0000000085d00000, 0x0000000085d00000, 0x0000000085e00000|  0%| F|  |TAMS 0x0000000085d00000, 0x0000000085d00000| Untracked 
|  94|0x0000000085e00000, 0x0000000085e00000, 0x0000000085f00000|  0%| F|  |TAMS 0x0000000085e00000, 0x0000000085e00000| Untracked 
|  95|0x0000000085f00000, 0x0000000085f00000, 0x0000000086000000|  0%| F|  |TAMS 0x0000000085f00000, 0x0000000085f00000| Untracked 
|  96|0x0000000086000000, 0x0000000086000000, 0x0000000086100000|  0%| F|  |TAMS 0x0000000086000000, 0x0000000086000000| Untracked 
|  97|0x0000000086100000, 0x0000000086100000, 0x0000000086200000|  0%| F|  |TAMS 0x0000000086100000, 0x0000000086100000| Untracked 
|  98|0x0000000086200000, 0x0000000086200000, 0x0000000086300000|  0%| F|  |TAMS 0x0000000086200000, 0x0000000086200000| Untracked 
|  99|0x0000000086300000, 0x0000000086300000, 0x0000000086400000|  0%| F|  |TAMS 0x0000000086300000, 0x0000000086300000| Untracked 
| 100|0x0000000086400000, 0x0000000086400000, 0x0000000086500000|  0%| F|  |TAMS 0x0000000086400000, 0x0000000086400000| Untracked 
| 101|0x0000000086500000, 0x0000000086500000, 0x0000000086600000|  0%| F|  |TAMS 0x0000000086500000, 0x0000000086500000| Untracked 
| 102|0x0000000086600000, 0x0000000086600000, 0x0000000086700000|  0%| F|  |TAMS 0x0000000086600000, 0x0000000086600000| Untracked 
| 103|0x0000000086700000, 0x0000000086700000, 0x0000000086800000|  0%| F|  |TAMS 0x0000000086700000, 0x0000000086700000| Untracked 
| 104|0x0000000086800000, 0x0000000086800000, 0x0000000086900000|  0%| F|  |TAMS 0x0000000086800000, 0x0000000086800000| Untracked 
| 105|0x0000000086900000, 0x0000000086900000, 0x0000000086a00000|  0%| F|  |TAMS 0x0000000086900000, 0x0000000086900000| Untracked 
| 106|0x0000000086a00000, 0x0000000086a00000, 0x0000000086b00000|  0%| F|  |TAMS 0x0000000086a00000, 0x0000000086a00000| Untracked 
| 107|0x0000000086b00000, 0x0000000086b00000, 0x0000000086c00000|  0%| F|  |TAMS 0x0000000086b00000, 0x0000000086b00000| Untracked 
| 108|0x0000000086c00000, 0x0000000086c00000, 0x0000000086d00000|  0%| F|  |TAMS 0x0000000086c00000, 0x0000000086c00000| Untracked 
| 109|0x0000000086d00000, 0x0000000086d00000, 0x0000000086e00000|  0%| F|  |TAMS 0x0000000086d00000, 0x0000000086d00000| Untracked 
| 110|0x0000000086e00000, 0x0000000086e00000, 0x0000000086f00000|  0%| F|  |TAMS 0x0000000086e00000, 0x0000000086e00000| Untracked 
| 111|0x0000000086f00000, 0x0000000086f00000, 0x0000000087000000|  0%| F|  |TAMS 0x0000000086f00000, 0x0000000086f00000| Untracked 
| 112|0x0000000087000000, 0x00000000870faf00, 0x0000000087100000| 98%| S|CS|TAMS 0x0000000087000000, 0x0000000087000000| Complete 
| 113|0x0000000087100000, 0x0000000087200000, 0x0000000087200000|100%| S|CS|TAMS 0x0000000087100000, 0x0000000087100000| Complete 
| 114|0x0000000087200000, 0x0000000087200000, 0x0000000087300000|  0%| F|  |TAMS 0x0000000087200000, 0x0000000087200000| Untracked 
| 115|0x0000000087300000, 0x0000000087300000, 0x0000000087400000|  0%| F|  |TAMS 0x0000000087300000, 0x0000000087300000| Untracked 
| 116|0x0000000087400000, 0x0000000087400000, 0x0000000087500000|  0%| F|  |TAMS 0x0000000087400000, 0x0000000087400000| Untracked 
| 117|0x0000000087500000, 0x0000000087500000, 0x0000000087600000|  0%| F|  |TAMS 0x0000000087500000, 0x0000000087500000| Untracked 
| 118|0x0000000087600000, 0x0000000087600000, 0x0000000087700000|  0%| F|  |TAMS 0x0000000087600000, 0x0000000087600000| Untracked 
| 119|0x0000000087700000, 0x0000000087700000, 0x0000000087800000|  0%| F|  |TAMS 0x0000000087700000, 0x0000000087700000| Untracked 
| 120|0x0000000087800000, 0x0000000087800000, 0x0000000087900000|  0%| F|  |TAMS 0x0000000087800000, 0x0000000087800000| Untracked 
| 121|0x0000000087900000, 0x0000000087900000, 0x0000000087a00000|  0%| F|  |TAMS 0x0000000087900000, 0x0000000087900000| Untracked 
| 122|0x0000000087a00000, 0x0000000087a00000, 0x0000000087b00000|  0%| F|  |TAMS 0x0000000087a00000, 0x0000000087a00000| Untracked 
| 123|0x0000000087b00000, 0x0000000087b00000, 0x0000000087c00000|  0%| F|  |TAMS 0x0000000087b00000, 0x0000000087b00000| Untracked 
| 124|0x0000000087c00000, 0x0000000087c00000, 0x0000000087d00000|  0%| F|  |TAMS 0x0000000087c00000, 0x0000000087c00000| Untracked 
| 125|0x0000000087d00000, 0x0000000087d00000, 0x0000000087e00000|  0%| F|  |TAMS 0x0000000087d00000, 0x0000000087d00000| Untracked 
| 126|0x0000000087e00000, 0x0000000087e00000, 0x0000000087f00000|  0%| F|  |TAMS 0x0000000087e00000, 0x0000000087e00000| Untracked 
| 127|0x0000000087f00000, 0x0000000087f00000, 0x0000000088000000|  0%| F|  |TAMS 0x0000000087f00000, 0x0000000087f00000| Untracked 
| 128|0x0000000088000000, 0x0000000088000000, 0x0000000088100000|  0%| F|  |TAMS 0x0000000088000000, 0x0000000088000000| Untracked 
| 129|0x0000000088100000, 0x0000000088100000, 0x0000000088200000|  0%| F|  |TAMS 0x0000000088100000, 0x0000000088100000| Untracked 
| 130|0x0000000088200000, 0x0000000088200000, 0x0000000088300000|  0%| F|  |TAMS 0x0000000088200000, 0x0000000088200000| Untracked 
| 131|0x0000000088300000, 0x0000000088300000, 0x0000000088400000|  0%| F|  |TAMS 0x0000000088300000, 0x0000000088300000| Untracked 
| 132|0x0000000088400000, 0x0000000088400000, 0x0000000088500000|  0%| F|  |TAMS 0x0000000088400000, 0x0000000088400000| Untracked 
| 133|0x0000000088500000, 0x0000000088500000, 0x0000000088600000|  0%| F|  |TAMS 0x0000000088500000, 0x0000000088500000| Untracked 
| 134|0x0000000088600000, 0x0000000088600000, 0x0000000088700000|  0%| F|  |TAMS 0x0000000088600000, 0x0000000088600000| Untracked 

Card table byte_map: [0x000001f2eeea0000,0x000001f2ef2a0000] _byte_map_base: 0x000001f2eeaa0000

Marking Bits (Prev, Next): (CMBitMap*) 0x000001f2da19c868, (CMBitMap*) 0x000001f2da19c8a0
 Prev Bits: [0x000001f2ef6a0000, 0x000001f2f16a0000)
 Next Bits: [0x000001f2f16a0000, 0x000001f2f36a0000)

Polling page: 0x000001f2d9fc0000

Metaspace:

Usage:
  Non-class:     56.77 MB capacity,    55.72 MB ( 98%) used,   912.00 KB (  2%) free+waste,   166.13 KB ( <1%) overhead. 
      Class:      8.63 MB capacity,     8.04 MB ( 93%) used,   521.15 KB (  6%) free+waste,    78.13 KB ( <1%) overhead. 
       Both:     65.40 MB capacity,    63.76 MB ( 97%) used,     1.40 MB (  2%) free+waste,   244.25 KB ( <1%) overhead. 

Virtual space:
  Non-class space:       58.00 MB reserved,      57.00 MB ( 98%) committed 
      Class space:        1.00 GB reserved,       8.75 MB ( <1%) committed 
             Both:        1.06 GB reserved,      65.75 MB (  6%) committed 

Chunk freelists:
   Non-Class:  45.00 KB
       Class:  27.00 KB
        Both:  72.00 KB

MaxMetaspaceSize: 17179869184.00 GB
CompressedClassSpaceSize: 1.00 GB

CodeHeap 'non-profiled nmethods': size=120064Kb used=3183Kb max_used=3183Kb free=116880Kb
 bounds [0x000001f2e6f40000, 0x000001f2e7260000, 0x000001f2ee480000]
CodeHeap 'profiled nmethods': size=120000Kb used=13852Kb max_used=13852Kb free=106147Kb
 bounds [0x000001f2dfa10000, 0x000001f2e07a0000, 0x000001f2e6f40000]
CodeHeap 'non-nmethods': size=5696Kb used=2266Kb max_used=2314Kb free=3429Kb
 bounds [0x000001f2df480000, 0x000001f2df6f0000, 0x000001f2dfa10000]
 total_blobs=7237 nmethods=6376 adapters=770
 compilation: enabled
              stopped_count=0, restarted_count=0
 full_count=0

Compilation events (20 events):
Event: 33.652 Thread 0x000001f2f5cbb000 6443       3       org.gradle.internal.ImmutableActionSet$EmptySet::addOne (9 bytes)
Event: 33.653 Thread 0x000001f2f5cbb000 nmethod 6443 0x000001f2e0794510 code [0x000001f2e07946e0, 0x000001f2e07949b8]
Event: 33.653 Thread 0x000001f2f5cbb000 6444       3       org.gradle.internal.ImmutableActionSet$SingletonSet::<init> (10 bytes)
Event: 33.653 Thread 0x000001f2f5cbb000 nmethod 6444 0x000001f2e0794b10 code [0x000001f2e0794cc0, 0x000001f2e0794ed8]
Event: 33.653 Thread 0x000001f2f5cbb000 6446       3       kotlin.jvm.internal.Intrinsics::stringPlus (19 bytes)
Event: 33.654 Thread 0x000001f2f5cbb000 nmethod 6446 0x000001f2e0795010 code [0x000001f2e0795280, 0x000001f2e0795b98]
Event: 33.654 Thread 0x000001f2f5cb8000 nmethod 6433 0x000001f2e7259110 code [0x000001f2e72592e0, 0x000001f2e72597b8]
Event: 33.654 Thread 0x000001f2f5cbb000 6445       3       org.gradle.internal.event.BroadcastDispatch::<init> (6 bytes)
Event: 33.654 Thread 0x000001f2f5cb8000 6434   !   4       java.util.concurrent.ConcurrentHashMap::replaceNode (437 bytes)
Event: 33.655 Thread 0x000001f2f5cbb000 nmethod 6445 0x000001f2e0795f10 code [0x000001f2e07960e0, 0x000001f2e0796358]
Event: 33.656 Thread 0x000001f2f5cbb000 6448       1       org.gradle.configuration.internal.UserCodeApplicationId::longValue (5 bytes)
Event: 33.656 Thread 0x000001f2f5cbb000 nmethod 6448 0x000001f2e7259b10 code [0x000001f2e7259cc0, 0x000001f2e7259d78]
Event: 33.676 Thread 0x000001f2f5cb8000 nmethod 6434 0x000001f2e7259e10 code [0x000001f2e7259fc0, 0x000001f2e725a8a8]
Event: 33.677 Thread 0x000001f2f5cb8000 6447       4       java.lang.ThreadLocal$ThreadLocalMap::set (136 bytes)
Event: 33.695 Thread 0x000001f2f5cbb000 6451       3       java.nio.HeapByteBuffer::compact (85 bytes)
Event: 33.696 Thread 0x000001f2f5cbb000 nmethod 6451 0x000001f2e0796490 code [0x000001f2e07966a0, 0x000001f2e0796ca8]
Event: 33.701 Thread 0x000001f2f5cbb000 6452       3       java.io.FilterInputStream::read (11 bytes)
Event: 33.701 Thread 0x000001f2f5cbb000 nmethod 6452 0x000001f2e0796e90 code [0x000001f2e0797040, 0x000001f2e0797208]
Event: 33.703 Thread 0x000001f2f5cb8000 nmethod 6447 0x000001f2e725ad90 code [0x000001f2e725af60, 0x000001f2e725b8b8]
Event: 33.703 Thread 0x000001f2f5cb8000 6450       4       sun.nio.cs.UTF_8$Decoder::decodeArrayLoop (691 bytes)

GC Heap History (20 events):
Event: 21.051 GC heap after
{Heap after GC invocations=37 (full 0):
 garbage-first heap   total 95232K, used 56660K [0x0000000080000000, 0x0000000100000000)
  region size 1024K, 2 young (2048K), 2 survivors (2048K)
 Metaspace       used 46319K, capacity 47544K, committed 47616K, reserved 1091584K
  class space    used 5892K, capacity 6329K, committed 6400K, reserved 1048576K
}
Event: 21.477 GC heap before
{Heap before GC invocations=37 (full 0):
 garbage-first heap   total 95232K, used 72020K [0x0000000080000000, 0x0000000100000000)
  region size 1024K, 17 young (17408K), 2 survivors (2048K)
 Metaspace       used 47244K, capacity 48529K, committed 48768K, reserved 1091584K
  class space    used 6049K, capacity 6510K, committed 6528K, reserved 1048576K
}
Event: 21.484 GC heap after
{Heap after GC invocations=38 (full 0):
 garbage-first heap   total 95232K, used 57400K [0x0000000080000000, 0x0000000100000000)
  region size 1024K, 2 young (2048K), 2 survivors (2048K)
 Metaspace       used 47244K, capacity 48529K, committed 48768K, reserved 1091584K
  class space    used 6049K, capacity 6510K, committed 6528K, reserved 1048576K
}
Event: 22.181 GC heap before
{Heap before GC invocations=39 (full 0):
 garbage-first heap   total 95232K, used 72760K [0x0000000080000000, 0x0000000100000000)
  region size 1024K, 17 young (17408K), 2 survivors (2048K)
 Metaspace       used 48350K, capacity 49722K, committed 50048K, reserved 1093632K
  class space    used 6224K, capacity 6675K, committed 6784K, reserved 1048576K
}
Event: 22.199 GC heap after
{Heap after GC invocations=40 (full 0):
 garbage-first heap   total 114688K, used 57915K [0x0000000080000000, 0x0000000100000000)
  region size 1024K, 3 young (3072K), 3 survivors (3072K)
 Metaspace       used 48350K, capacity 49722K, committed 50048K, reserved 1093632K
  class space    used 6224K, capacity 6675K, committed 6784K, reserved 1048576K
}
Event: 25.249 GC heap before
{Heap before GC invocations=40 (full 0):
 garbage-first heap   total 114688K, used 80443K [0x0000000080000000, 0x0000000100000000)
  region size 1024K, 26 young (26624K), 3 survivors (3072K)
 Metaspace       used 49561K, capacity 51030K, committed 51072K, reserved 1093632K
  class space    used 6329K, capacity 6783K, committed 6784K, reserved 1048576K
}
Event: 25.263 GC heap after
{Heap after GC invocations=41 (full 0):
 garbage-first heap   total 114688K, used 59306K [0x0000000080000000, 0x0000000100000000)
  region size 1024K, 4 young (4096K), 4 survivors (4096K)
 Metaspace       used 49561K, capacity 51030K, committed 51072K, reserved 1093632K
  class space    used 6329K, capacity 6783K, committed 6784K, reserved 1048576K
}
Event: 25.861 GC heap before
{Heap before GC invocations=42 (full 0):
 garbage-first heap   total 114688K, used 64426K [0x0000000080000000, 0x0000000100000000)
  region size 1024K, 10 young (10240K), 4 survivors (4096K)
 Metaspace       used 49843K, capacity 51287K, committed 51456K, reserved 1093632K
  class space    used 6357K, capacity 6820K, committed 6912K, reserved 1048576K
}
Event: 25.878 GC heap after
{Heap after GC invocations=43 (full 0):
 garbage-first heap   total 114688K, used 59742K [0x0000000080000000, 0x0000000100000000)
  region size 1024K, 3 young (3072K), 3 survivors (3072K)
 Metaspace       used 49843K, capacity 51287K, committed 51456K, reserved 1093632K
  class space    used 6357K, capacity 6820K, committed 6912K, reserved 1048576K
}
Event: 26.100 GC heap before
{Heap before GC invocations=44 (full 0):
 garbage-first heap   total 114688K, used 60766K [0x0000000080000000, 0x0000000100000000)
  region size 1024K, 4 young (4096K), 3 survivors (3072K)
 Metaspace       used 49844K, capacity 51287K, committed 51456K, reserved 1093632K
  class space    used 6357K, capacity 6820K, committed 6912K, reserved 1048576K
}
Event: 26.111 GC heap after
{Heap after GC invocations=45 (full 0):
 garbage-first heap   total 114688K, used 62128K [0x0000000080000000, 0x0000000100000000)
  region size 1024K, 4 young (4096K), 4 survivors (4096K)
 Metaspace       used 49844K, capacity 51287K, committed 51456K, reserved 1093632K
  class space    used 6357K, capacity 6820K, committed 6912K, reserved 1048576K
}
Event: 26.586 GC heap before
{Heap before GC invocations=46 (full 0):
 garbage-first heap   total 114688K, used 66224K [0x0000000080000000, 0x0000000100000000)
  region size 1024K, 9 young (9216K), 4 survivors (4096K)
 Metaspace       used 49853K, capacity 51287K, committed 51456K, reserved 1093632K
  class space    used 6357K, capacity 6820K, committed 6912K, reserved 1048576K
}
Event: 26.598 GC heap after
{Heap after GC invocations=47 (full 0):
 garbage-first heap   total 138240K, used 66717K [0x0000000080000000, 0x0000000100000000)
  region size 1024K, 4 young (4096K), 4 survivors (4096K)
 Metaspace       used 49853K, capacity 51287K, committed 51456K, reserved 1093632K
  class space    used 6357K, capacity 6820K, committed 6912K, reserved 1048576K
}
Event: 28.712 GC heap before
{Heap before GC invocations=48 (full 0):
 garbage-first heap   total 138240K, used 103581K [0x0000000080000000, 0x0000000100000000)
  region size 1024K, 38 young (38912K), 4 survivors (4096K)
 Metaspace       used 53768K, capacity 55391K, committed 55552K, reserved 1097728K
  class space    used 6854K, capacity 7377K, committed 7424K, reserved 1048576K
}
Event: 28.730 GC heap after
{Heap after GC invocations=49 (full 0):
 garbage-first heap   total 138240K, used 70592K [0x0000000080000000, 0x0000000100000000)
  region size 1024K, 3 young (3072K), 3 survivors (3072K)
 Metaspace       used 53768K, capacity 55391K, committed 55552K, reserved 1097728K
  class space    used 6854K, capacity 7377K, committed 7424K, reserved 1048576K
}
Event: 30.562 GC heap before
{Heap before GC invocations=49 (full 0):
 garbage-first heap   total 138240K, used 104384K [0x0000000080000000, 0x0000000100000000)
  region size 1024K, 36 young (36864K), 3 survivors (3072K)
 Metaspace       used 59109K, capacity 60650K, committed 60800K, reserved 1101824K
  class space    used 7452K, capacity 7994K, committed 8064K, reserved 1048576K
}
Event: 30.573 GC heap after
{Heap after GC invocations=50 (full 0):
 garbage-first heap   total 138240K, used 71778K [0x0000000080000000, 0x0000000100000000)
  region size 1024K, 4 young (4096K), 4 survivors (4096K)
 Metaspace       used 59109K, capacity 60650K, committed 60800K, reserved 1101824K
  class space    used 7452K, capacity 7994K, committed 8064K, reserved 1048576K
}
Event: 32.585 GC heap before
{Heap before GC invocations=51 (full 0):
 garbage-first heap   total 138240K, used 105570K [0x0000000080000000, 0x0000000100000000)
  region size 1024K, 38 young (38912K), 4 survivors (4096K)
 Metaspace       used 63219K, capacity 64936K, committed 65152K, reserved 1105920K
  class space    used 7978K, capacity 8567K, committed 8576K, reserved 1048576K
}
Event: 32.616 GC heap after
{Heap after GC invocations=52 (full 0):
 garbage-first heap   total 138240K, used 75312K [0x0000000080000000, 0x0000000100000000)
  region size 1024K, 5 young (5120K), 5 survivors (5120K)
 Metaspace       used 63219K, capacity 64936K, committed 65152K, reserved 1105920K
  class space    used 7978K, capacity 8567K, committed 8576K, reserved 1048576K
}
Event: 33.712 GC heap before
{Heap before GC invocations=52 (full 0):
 garbage-first heap   total 138240K, used 95792K [0x0000000080000000, 0x0000000100000000)
  region size 1024K, 26 young (26624K), 5 survivors (5120K)
 Metaspace       used 65290K, capacity 66968K, committed 67328K, reserved 1107968K
  class space    used 8237K, capacity 8837K, committed 8960K, reserved 1048576K
}

Deoptimization events (20 events):
Event: 33.706 Thread 0x000001f2f72dd000 DEOPT PACKING pc=0x000001f2dfc9d697 sp=0x000000deab3f69c0
Event: 33.707 Thread 0x000001f2f72dd000 DEOPT UNPACKING pc=0x000001f2df4a764e sp=0x000000deab3f5f48 mode 0
Event: 33.707 Thread 0x000001f2f72dd000 DEOPT PACKING pc=0x000001f2dfc9d697 sp=0x000000deab3f69c0
Event: 33.707 Thread 0x000001f2f72dd000 DEOPT UNPACKING pc=0x000001f2df4a764e sp=0x000000deab3f5f48 mode 0
Event: 33.708 Thread 0x000001f2f72dd000 DEOPT PACKING pc=0x000001f2dfc9d697 sp=0x000000deab3f69c0
Event: 33.708 Thread 0x000001f2f72dd000 DEOPT UNPACKING pc=0x000001f2df4a764e sp=0x000000deab3f5f48 mode 0
Event: 33.708 Thread 0x000001f2f72dd000 DEOPT PACKING pc=0x000001f2dfc9d697 sp=0x000000deab3f69c0
Event: 33.708 Thread 0x000001f2f72dd000 DEOPT UNPACKING pc=0x000001f2df4a764e sp=0x000000deab3f5f48 mode 0
Event: 33.709 Thread 0x000001f2f72dd000 DEOPT PACKING pc=0x000001f2dfc9d697 sp=0x000000deab3f69c0
Event: 33.709 Thread 0x000001f2f72dd000 DEOPT UNPACKING pc=0x000001f2df4a764e sp=0x000000deab3f5f48 mode 0
Event: 33.709 Thread 0x000001f2f72dd000 DEOPT PACKING pc=0x000001f2dfc9d697 sp=0x000000deab3f69c0
Event: 33.709 Thread 0x000001f2f72dd000 DEOPT UNPACKING pc=0x000001f2df4a764e sp=0x000000deab3f5f48 mode 0
Event: 33.710 Thread 0x000001f2f72dd000 DEOPT PACKING pc=0x000001f2dfc9d697 sp=0x000000deab3f69c0
Event: 33.710 Thread 0x000001f2f72dd000 DEOPT UNPACKING pc=0x000001f2df4a764e sp=0x000000deab3f5f48 mode 0
Event: 33.711 Thread 0x000001f2f72dd000 DEOPT PACKING pc=0x000001f2dfc9d697 sp=0x000000deab3f69c0
Event: 33.711 Thread 0x000001f2f72dd000 DEOPT UNPACKING pc=0x000001f2df4a764e sp=0x000000deab3f5f48 mode 0
Event: 33.711 Thread 0x000001f2f72dd000 DEOPT PACKING pc=0x000001f2dfc9d697 sp=0x000000deab3f69c0
Event: 33.711 Thread 0x000001f2f72dd000 DEOPT UNPACKING pc=0x000001f2df4a764e sp=0x000000deab3f5f48 mode 0
Event: 33.711 Thread 0x000001f2f72dd000 DEOPT PACKING pc=0x000001f2dfc9d697 sp=0x000000deab3f69c0
Event: 33.712 Thread 0x000001f2f72dd000 DEOPT UNPACKING pc=0x000001f2df4a764e sp=0x000000deab3f5f48 mode 0

Classes redefined (0 events):
No events

Internal exceptions (20 events):
Event: 26.697 Thread 0x000001f2f72dd000 Exception <a 'java/lang/ClassNotFoundException'{0x00000000885b98f0}: org/gradle/api/internal/AbstractTaskCustomizer> (0x00000000885b98f0) thrown at [./src/hotspot/share/classfile/systemDictionary.cpp, line 231]
Event: 26.704 Thread 0x000001f2f72dd000 Exception <a 'java/lang/ClassNotFoundException'{0x000000008842a1d8}: org/gradle/api/DefaultTaskCustomizer> (0x000000008842a1d8) thrown at [./src/hotspot/share/classfile/systemDictionary.cpp, line 231]
Event: 26.712 Thread 0x000001f2f72dd000 Exception <a 'java/lang/ClassNotFoundException'{0x00000000884aa090}: org/gradle/api/internal/ConventionTaskCustomizer> (0x00000000884aa090) thrown at [./src/hotspot/share/classfile/systemDictionary.cpp, line 231]
Event: 26.715 Thread 0x000001f2f72dd000 Exception <a 'java/lang/ClassNotFoundException'{0x00000000884e12e8}: org/gradle/api/tasks/DeleteCustomizer> (0x00000000884e12e8) thrown at [./src/hotspot/share/classfile/systemDictionary.cpp, line 231]
Event: 26.719 Thread 0x000001f2f72dd000 Exception <a 'java/lang/ClassNotFoundException'{0x000000008831fc38}: org/gradle/api/tasks/Delete_DecoratedCustomizer> (0x000000008831fc38) thrown at [./src/hotspot/share/classfile/systemDictionary.cpp, line 231]
Event: 26.807 Thread 0x000001f2f72dd000 Exception <a 'java/lang/ClassNotFoundException'{0x0000000088253b50}: build_ewcz4g5k2i3aa9va4aj5tfpvtBeanInfo> (0x0000000088253b50) thrown at [./src/hotspot/share/classfile/systemDictionary.cpp, line 231]
Event: 26.807 Thread 0x000001f2f72dd000 Exception <a 'java/lang/ClassNotFoundException'{0x000000008825ea78}: build_ewcz4g5k2i3aa9va4aj5tfpvtCustomizer> (0x000000008825ea78) thrown at [./src/hotspot/share/classfile/systemDictionary.cpp, line 231]
Event: 26.822 Thread 0x000001f2f72dd000 Exception <a 'java/lang/ClassNotFoundException'{0x00000000882e75f0}: org/gradle/plugin/use/internal/PluginRequestCollector$PluginDependenciesSpecImplBeanInfo> (0x00000000882e75f0) thrown at [./src/hotspot/share/classfile/systemDictionary.cpp, line 231]
Event: 26.824 Thread 0x000001f2f72dd000 Exception <a 'java/lang/ClassNotFoundException'{0x0000000088115938}: org/gradle/plugin/use/internal/PluginRequestCollector$PluginDependenciesSpecImplCustomizer> (0x0000000088115938) thrown at [./src/hotspot/share/classfile/systemDictionary.cpp, line 231]
Event: 27.594 Thread 0x000001f2f72dd000 Exception <a 'java/lang/NoSuchMethodError'{0x00000000876b88b8}: 'java.lang.Object java.lang.invoke.DirectMethodHandle$Holder.invokeStatic(java.lang.Object, java.lang.Object, java.lang.Object, java.lang.Object, int)'> (0x00000000876b88b8) thrown at [./src/hotspot/share/interpreter/linkResolver.cpp, line 773]
Event: 27.595 Thread 0x000001f2f72dd000 Exception <a 'java/lang/NoSuchMethodError'{0x00000000876bd2b0}: 'java.lang.Object java.lang.invoke.DirectMethodHandle$Holder.invokeSpecial(java.lang.Object, java.lang.Object, java.lang.Object, java.lang.Object, java.lang.Object, int)'> (0x00000000876bd2b0) thrown at [./src/hotspot/share/interpreter/linkResolver.cpp, line 773]
Event: 27.595 Thread 0x000001f2f72dd000 Exception <a 'java/lang/NoSuchMethodError'{0x00000000876c18f0}: 'java.lang.Object java.lang.invoke.Invokers$Holder.linkToTargetMethod(java.lang.Object, java.lang.Object, java.lang.Object, int, java.lang.Object)'> (0x00000000876c18f0) thrown at [./src/hotspot/share/interpreter/linkResolver.cpp, line 773]
Event: 28.615 Thread 0x000001f2f72dd000 Exception <a 'java/lang/NoSuchMethodError'{0x00000000867a2250}: 'java.lang.Object java.lang.invoke.DirectMethodHandle$Holder.invokeSpecial(java.lang.Object, java.lang.Object, int, int, java.lang.Object, java.lang.Object, java.lang.Object)'> (0x00000000867a2250) thrown at [./src/hotspot/share/interpreter/linkResolver.cpp, line 773]
Event: 28.615 Thread 0x000001f2f72dd000 Exception <a 'java/lang/NoSuchMethodError'{0x00000000867a67d0}: 'java.lang.Object java.lang.invoke.DelegatingMethodHandle$Holder.reinvoke_L(java.lang.Object, int, int, java.lang.Object, java.lang.Object, java.lang.Object)'> (0x00000000867a67d0) thrown at [./src/hotspot/share/interpreter/linkResolver.cpp, line 773]
Event: 29.238 Thread 0x000001f2f72dd000 Exception <a 'java/lang/NoSuchMethodError'{0x0000000087d3d910}: 'int java.lang.invoke.DirectMethodHandle$Holder.invokeInterface(java.lang.Object, java.lang.Object, java.lang.Object, java.lang.Object)'> (0x0000000087d3d910) thrown at [./src/hotspot/share/interpreter/linkResolver.cpp, line 773]
Event: 30.334 Thread 0x000001f2f72dd000 Exception <a 'java/lang/NoSuchMethodError'{0x0000000086873d68}: 'void java.lang.invoke.DirectMethodHandle$Holder.invokeInterface(java.lang.Object, java.lang.Object, java.lang.Object, java.lang.Object)'> (0x0000000086873d68) thrown at [./src/hotspot/share/interpreter/linkResolver.cpp, line 773]
Event: 30.906 Thread 0x000001f2f72dd000 Exception <a 'java/lang/IncompatibleClassChangeError'{0x0000000088131008}: Found class java.lang.Object, but interface was expected> (0x0000000088131008) thrown at [./src/hotspot/share/interpreter/linkResolver.cpp, line 839]
Event: 31.153 Thread 0x000001f2f72dd000 Implicit null exception at 0x000001f2e71eee54 to 0x000001f2e71eefd0
Event: 31.623 Thread 0x000001f2f72dd000 Implicit null exception at 0x000001f2e7054e0b to 0x000001f2e7054ee4
Event: 32.162 Thread 0x000001f2f72dd000 Exception <a 'sun/nio/fs/WindowsException'{0x0000000086b13070}> (0x0000000086b13070) thrown at [./src/hotspot/share/prims/jni.cpp, line 615]

Events (20 events):
Event: 33.680 loading class com/android/tools/build/jetifier/processor/Processor$Companion done
Event: 33.682 loading class com/android/tools/build/jetifier/core/config/ConfigParser
Event: 33.682 loading class com/android/tools/build/jetifier/core/config/ConfigParser done
Event: 33.685 loading class com/android/tools/build/jetifier/core/utils/Log
Event: 33.685 loading class com/android/tools/build/jetifier/core/utils/Log done
Event: 33.686 loading class com/android/tools/build/jetifier/core/utils/LogLevel
Event: 33.686 loading class com/android/tools/build/jetifier/core/utils/LogLevel done
Event: 33.687 loading class com/android/tools/build/jetifier/core/utils/StdOutLogConsumer
Event: 33.687 loading class com/android/tools/build/jetifier/core/utils/StdOutLogConsumer done
Event: 33.688 loading class com/android/tools/build/jetifier/core/utils/LogConsumer
Event: 33.688 loading class com/android/tools/build/jetifier/core/utils/LogConsumer done
Event: 33.690 loading class kotlin/text/Charsets
Event: 33.690 loading class kotlin/text/Charsets done
Event: 33.690 loading class kotlin/text/Charsets
Event: 33.690 loading class kotlin/text/Charsets done
Event: 33.691 loading class kotlin/io/TextStreamsKt
Event: 33.691 loading class kotlin/io/TextStreamsKt done
Event: 33.691 loading class kotlin/io/TextStreamsKt
Event: 33.691 loading class kotlin/io/TextStreamsKt done
Event: 33.712 Executing VM operation: G1CollectForAllocation


Dynamic libraries:
0x00007ff70b510000 - 0x00007ff70b51a000 	C:\Program Files\Android\Android Studio\jre\bin\java.exe
0x00007ffcd9b90000 - 0x00007ffcd9d85000 	C:\Windows\SYSTEM32\ntdll.dll
0x00007ffcd9970000 - 0x00007ffcd9a2e000 	C:\Windows\System32\KERNEL32.DLL
0x00007ffcd77e0000 - 0x00007ffcd7aa8000 	C:\Windows\System32\KERNELBASE.dll
0x00007ffcd72a0000 - 0x00007ffcd73a0000 	C:\Windows\System32\ucrtbase.dll
0x00007ffcd1fb0000 - 0x00007ffcd1fc9000 	C:\Program Files\Android\Android Studio\jre\bin\jli.dll
0x00007ffcd1e50000 - 0x00007ffcd1e67000 	C:\Program Files\Android\Android Studio\jre\bin\VCRUNTIME140.dll
0x00007ffcd8630000 - 0x00007ffcd87d1000 	C:\Windows\System32\USER32.dll
0x00007ffcd7b50000 - 0x00007ffcd7b72000 	C:\Windows\System32\win32u.dll
0x00007ffcd9820000 - 0x00007ffcd984b000 	C:\Windows\System32\GDI32.dll
0x00007ffcc7990000 - 0x00007ffcc7c2a000 	C:\Windows\WinSxS\amd64_microsoft.windows.common-controls_6595b64144ccf1df_6.0.19041.1110_none_60b5254171f9507e\COMCTL32.dll
0x00007ffcd76d0000 - 0x00007ffcd77dd000 	C:\Windows\System32\gdi32full.dll
0x00007ffcd7ca0000 - 0x00007ffcd7d3e000 	C:\Windows\System32\msvcrt.dll
0x00007ffcd7ab0000 - 0x00007ffcd7b4d000 	C:\Windows\System32\msvcp_win.dll
0x00007ffcd8600000 - 0x00007ffcd8630000 	C:\Windows\System32\IMM32.DLL
0x00007ffcce630000 - 0x00007ffcce6cd000 	C:\Program Files\Android\Android Studio\jre\bin\msvcp140.dll
0x00007ffc9ca10000 - 0x00007ffc9d4df000 	C:\Program Files\Android\Android Studio\jre\bin\server\jvm.dll
0x00007ffcd9710000 - 0x00007ffcd97be000 	C:\Windows\System32\ADVAPI32.dll
0x00007ffcd7d40000 - 0x00007ffcd7ddc000 	C:\Windows\System32\sechost.dll
0x00007ffcd88d0000 - 0x00007ffcd89f5000 	C:\Windows\System32\RPCRT4.dll
0x00007ffcd7de0000 - 0x00007ffcd7de8000 	C:\Windows\System32\PSAPI.DLL
0x00007ffcd59c0000 - 0x00007ffcd59c9000 	C:\Windows\SYSTEM32\WSOCK32.dll
0x00007ffcd9900000 - 0x00007ffcd996b000 	C:\Windows\System32\WS2_32.dll
0x00007ffcc22d0000 - 0x00007ffcc22f7000 	C:\Windows\SYSTEM32\WINMM.dll
0x00007ffcd5a20000 - 0x00007ffcd5a2a000 	C:\Windows\SYSTEM32\VERSION.dll
0x00007ffcd5e00000 - 0x00007ffcd5e12000 	C:\Windows\SYSTEM32\kernel.appcore.dll
0x00007ffcd1f60000 - 0x00007ffcd1f71000 	C:\Program Files\Android\Android Studio\jre\bin\verify.dll
0x00007ffcd0db0000 - 0x00007ffcd0f94000 	C:\Windows\SYSTEM32\DBGHELP.DLL
0x00007ffcd00d0000 - 0x00007ffcd00fc000 	C:\Windows\SYSTEM32\dbgcore.DLL
0x00007ffcd73a0000 - 0x00007ffcd7422000 	C:\Windows\System32\bcryptPrimitives.dll
0x00007ffcd1400000 - 0x00007ffcd1429000 	C:\Program Files\Android\Android Studio\jre\bin\java.dll
0x00007ffcd1e30000 - 0x00007ffcd1e3b000 	C:\Program Files\Android\Android Studio\jre\bin\jimage.dll
0x00007ffcd11e0000 - 0x00007ffcd11f8000 	C:\Program Files\Android\Android Studio\jre\bin\zip.dll
0x00007ffcd8be0000 - 0x00007ffcd9324000 	C:\Windows\System32\SHELL32.dll
0x00007ffcd51a0000 - 0x00007ffcd5935000 	C:\Windows\SYSTEM32\windows.storage.dll
0x00007ffcd7e20000 - 0x00007ffcd8175000 	C:\Windows\System32\combase.dll
0x00007ffcd6cf0000 - 0x00007ffcd6d1e000 	C:\Windows\SYSTEM32\Wldp.dll
0x00007ffcd9850000 - 0x00007ffcd98fd000 	C:\Windows\System32\SHCORE.dll
0x00007ffcd9420000 - 0x00007ffcd9475000 	C:\Windows\System32\shlwapi.dll
0x00007ffcd71e0000 - 0x00007ffcd71ff000 	C:\Windows\SYSTEM32\profapi.dll
0x00007ffccc360000 - 0x00007ffccc37a000 	C:\Program Files\Android\Android Studio\jre\bin\net.dll
0x00007ffccd1a0000 - 0x00007ffccd2ac000 	C:\Windows\SYSTEM32\WINHTTP.dll
0x00007ffcd69e0000 - 0x00007ffcd6a4a000 	C:\Windows\system32\mswsock.dll
0x00007ffccc190000 - 0x00007ffccc1a4000 	C:\Program Files\Android\Android Studio\jre\bin\nio.dll
0x00007ffcd1f80000 - 0x00007ffcd1fa7000 	C:\Users\shiva\.gradle\native\8bec1ad78214c89d9ad589b4d07fe93259594b29d510b10fafb7a158f7737e5d\windows-amd64\native-platform.dll
0x00007ffccab00000 - 0x00007ffccac3d000 	C:\Users\shiva\.gradle\native\53dbd7edfb1c66fb8903c78663c9afc45aea4f116125fa6feffd364cf09443e8\windows-amd64\native-platform-file-events.dll
0x00007ffcd13f0000 - 0x00007ffcd13fa000 	C:\Program Files\Android\Android Studio\jre\bin\management.dll
0x00007ffcd11a0000 - 0x00007ffcd11ac000 	C:\Program Files\Android\Android Studio\jre\bin\management_ext.dll
0x00007ffcd6c40000 - 0x00007ffcd6c58000 	C:\Windows\SYSTEM32\CRYPTSP.dll
0x00007ffcd6300000 - 0x00007ffcd6334000 	C:\Windows\system32\rsaenh.dll
0x00007ffcd76a0000 - 0x00007ffcd76c7000 	C:\Windows\System32\bcrypt.dll
0x00007ffcd71a0000 - 0x00007ffcd71ce000 	C:\Windows\SYSTEM32\USERENV.dll
0x00007ffcd6c60000 - 0x00007ffcd6c6c000 	C:\Windows\SYSTEM32\CRYPTBASE.dll
0x00007ffcd66d0000 - 0x00007ffcd670b000 	C:\Windows\SYSTEM32\IPHLPAPI.DLL
0x00007ffcd9330000 - 0x00007ffcd9338000 	C:\Windows\System32\NSI.dll
0x00007ffccf750000 - 0x00007ffccf767000 	C:\Windows\SYSTEM32\dhcpcsvc6.DLL
0x00007ffccfa20000 - 0x00007ffccfa3d000 	C:\Windows\SYSTEM32\dhcpcsvc.DLL
0x00007ffcd6710000 - 0x00007ffcd67db000 	C:\Windows\SYSTEM32\DNSAPI.dll

dbghelp: loaded successfully - version: 4.0.5 - missing functions: none
symbol engine: initialized successfully - sym options: 0x614 - pdb path: .;C:\Program Files\Android\Android Studio\jre\bin;C:\Windows\SYSTEM32;C:\Windows\WinSxS\amd64_microsoft.windows.common-controls_6595b64144ccf1df_6.0.19041.1110_none_60b5254171f9507e;C:\Program Files\Android\Android Studio\jre\bin\server;C:\Users\shiva\.gradle\native\8bec1ad78214c89d9ad589b4d07fe93259594b29d510b10fafb7a158f7737e5d\windows-amd64;C:\Users\shiva\.gradle\native\53dbd7edfb1c66fb8903c78663c9afc45aea4f116125fa6feffd364cf09443e8\windows-amd64

VM Arguments:
jvm_args: --add-opens=java.base/java.util=ALL-UNNAMED --add-opens=java.base/java.lang=ALL-UNNAMED --add-opens=java.base/java.lang.invoke=ALL-UNNAMED --add-opens=java.base/java.util=ALL-UNNAMED --add-opens=java.prefs/java.util.prefs=ALL-UNNAMED --add-opens=java.prefs/java.util.prefs=ALL-UNNAMED --add-opens=java.base/java.nio.charset=ALL-UNNAMED --add-opens=java.base/java.net=ALL-UNNAMED --add-opens=java.base/java.util.concurrent.atomic=ALL-UNNAMED -Xmx2048m -Dfile.encoding=UTF-8 -Duser.country=IN -Duser.language=en -Duser.variant 
java_command: org.gradle.launcher.daemon.bootstrap.GradleDaemon 7.0.2
java_class_path (initial): C:\Users\shiva\.gradle\wrapper\dists\gradle-7.0.2-bin\857tjihv64xamwrf0h14cai3r\gradle-7.0.2\lib\gradle-launcher-7.0.2.jar
Launcher Type: SUN_STANDARD

[Global flags]
     intx CICompilerCount                          = 3                                         {product} {ergonomic}
     uint ConcGCThreads                            = 1                                         {product} {ergonomic}
     uint G1ConcRefinementThreads                  = 4                                         {product} {ergonomic}
   size_t G1HeapRegionSize                         = 1048576                                   {product} {ergonomic}
    uintx GCDrainStackTargetSize                   = 64                                        {product} {ergonomic}
   size_t InitialHeapSize                          = 67108864                                  {product} {ergonomic}
   size_t MarkStackSize                            = 4194304                                   {product} {ergonomic}
   size_t MaxHeapSize                              = 2147483648                                {product} {command line}
   size_t MaxNewSize                               = 1287651328                                {product} {ergonomic}
   size_t MinHeapDeltaBytes                        = 1048576                                   {product} {ergonomic}
    uintx NonNMethodCodeHeapSize                   = 5830732                                {pd product} {ergonomic}
    uintx NonProfiledCodeHeapSize                  = 122913754                              {pd product} {ergonomic}
    uintx ProfiledCodeHeapSize                     = 122913754                              {pd product} {ergonomic}
    uintx ReservedCodeCacheSize                    = 251658240                              {pd product} {ergonomic}
     bool SegmentedCodeCache                       = true                                      {product} {ergonomic}
     bool UseCompressedClassPointers               = true                                 {lp64_product} {ergonomic}
     bool UseCompressedOops                        = true                                 {lp64_product} {ergonomic}
     bool UseG1GC                                  = true                                      {product} {ergonomic}
     bool UseLargePagesIndividualAllocation        = false                                  {pd product} {ergonomic}

Logging:
Log output configuration:
 #0: stdout all=warning uptime,level,tags
 #1: stderr all=off uptime,level,tags

Environment Variables:
PATH=C:\Windows\system32;C:\Windows;C:\Windows\System32\Wbem;C:\Windows\System32\WindowsPowerShell\v1.0\;C:\Windows\System32\OpenSSH\;C:\Program Files\Git\cmd;C:\Users\shiva\AppData\Local\Programs\Python\Python39\Scripts\;C:\Users\shiva\AppData\Local\Programs\Python\Python39\;C:\Users\shiva\AppData\Local\Microsoft\WindowsApps;C:\Program Files\Java\jdk-17\bin;;C:\Users\shiva\AppData\Local\Programs\Microsoft VS Code\bin
USERNAME=shiva
OS=Windows_NT
PROCESSOR_IDENTIFIER=Intel64 Family 6 Model 58 Stepping 9, GenuineIntel



---------------  S Y S T E M  ---------------

OS: Windows 10 , 64 bit Build 19041 (10.0.19041.1466)
OS uptime: 0 days 22:26 hours

CPU:total 4 (initial active 4) (2 cores per cpu, 2 threads per core) family 6 model 58 stepping 9 microcode 0x21, cmov, cx8, fxsr, mmx, sse, sse2, sse3, ssse3, sse4.1, sse4.2, popcnt, avx, clmul, erms, ht, tsc, tscinvbit, tscinv

Memory: 4k page, system-wide physical 3993M (72M free)
TotalPageFile size 16281M (AvailPageFile size 25M)
current process WorkingSet (physical memory assigned to process): 246M, peak: 246M
current process commit charge ("private bytes"): 357M, peak: 384M

vm_info: OpenJDK 64-Bit Server VM (11.0.10+0-b96-7249189) for windows-amd64 JRE (11.0.10+0-b96-7249189), built on Mar 31 2021 21:44:00 by "builder" with MS VC++ 14.0 (VS2015)

END.
